0 info it worked if it ends with ok
1 verbose cli [ '/Users/yule/.nvm/versions/node/v5.0.0/bin/node',
1 verbose cli   '/Users/yule/.nvm/versions/node/v5.0.0/bin/npm',
1 verbose cli   'run',
1 verbose cli   'deploy' ]
2 info using npm@3.3.6
3 info using node@v5.0.0
4 verbose run-script [ 'predeploy', 'deploy', 'postdeploy' ]
5 info lifecycle blog@0.0.1~predeploy: blog@0.0.1
6 silly lifecycle blog@0.0.1~predeploy: no script for predeploy, continuing
7 info lifecycle blog@0.0.1~deploy: blog@0.0.1
8 verbose lifecycle blog@0.0.1~deploy: unsafe-perm in lifecycle true
9 verbose lifecycle blog@0.0.1~deploy: PATH: /Users/yule/.nvm/versions/node/v5.0.0/lib/node_modules/npm/bin/node-gyp-bin:/Users/yule/Code/Github/blog/node_modules/.bin:/Users/yule/.nvm/versions/node/v5.0.0/bin:/Users/yule/.rbenv/shims:/usr/local/bin:/usr/bin:/bin:/usr/sbin:/sbin
10 verbose lifecycle blog@0.0.1~deploy: CWD: /Users/yule/Code/Github/blog
11 silly lifecycle blog@0.0.1~deploy: Args: [ '-c', 'node build/deploy.js' ]
12 silly lifecycle blog@0.0.1~deploy: Returned: code: 1  signal: null
13 info lifecycle blog@0.0.1~deploy: Failed to exec deploy script
14 verbose stack Error: blog@0.0.1 deploy: `node build/deploy.js`
14 verbose stack Exit status 1
14 verbose stack     at EventEmitter.<anonymous> (/Users/yule/.nvm/versions/node/v5.0.0/lib/node_modules/npm/lib/utils/lifecycle.js:233:16)
14 verbose stack     at emitTwo (events.js:87:13)
14 verbose stack     at EventEmitter.emit (events.js:172:7)
14 verbose stack     at ChildProcess.<anonymous> (/Users/yule/.nvm/versions/node/v5.0.0/lib/node_modules/npm/lib/utils/spawn.js:24:14)
14 verbose stack     at emitTwo (events.js:87:13)
14 verbose stack     at ChildProcess.emit (events.js:172:7)
14 verbose stack     at maybeClose (internal/child_process.js:818:16)
14 verbose stack     at Process.ChildProcess._handle.onexit (internal/child_process.js:211:5)
15 verbose pkgid blog@0.0.1
16 verbose cwd /Users/yule/Code/Github/blog/static
17 error Darwin 14.5.0
18 error argv "/Users/yule/.nvm/versions/node/v5.0.0/bin/node" "/Users/yule/.nvm/versions/node/v5.0.0/bin/npm" "run" "deploy"
19 error node v5.0.0
20 error npm  v3.3.6
21 error code ELIFECYCLE
22 error blog@0.0.1 deploy: `node build/deploy.js`
22 error Exit status 1
23 error Failed at the blog@0.0.1 deploy script 'node build/deploy.js'.
23 error This is most likely a problem with the blog package,
23 error not with npm itself.
23 error Tell the author that this fails on your system:
23 error     node build/deploy.js
23 error You can get their info via:
23 error     npm owner ls blog
23 error There is likely additional logging output above.
24 verbose exit [ 1, true ]
